Traceback (most recent call last):
  File "/gs/gsfs0/shared-lab/greally-lab/David/AlleleStacker_tests/AlleleStacker/EDA_visualizations/./python/regions_by_chrom.py", line 104, in <module>
    plot_regions_per_chromosome(h1_file_path, h2_file_path, args.output_prefix)
  File "/gs/gsfs0/shared-lab/greally-lab/David/AlleleStacker_tests/AlleleStacker/EDA_visualizations/./python/regions_by_chrom.py", line 8, in plot_regions_per_chromosome
    df_h1 = pd.read_csv(h1_file_path, sep='\t')
            ^^^^^^^^^^^^^^^^^^^^^^^^^^^^^^^^^^^
  File "/gs/gsfs0/users/davyang/.conda/envs/anc_vig/lib/python3.12/site-packages/pandas/io/parsers/readers.py", line 1026, in read_csv
    return _read(filepath_or_buffer, kwds)
           ^^^^^^^^^^^^^^^^^^^^^^^^^^^^^^^
  File "/gs/gsfs0/users/davyang/.conda/envs/anc_vig/lib/python3.12/site-packages/pandas/io/parsers/readers.py", line 620, in _read
    parser = TextFileReader(filepath_or_buffer, **kwds)
             ^^^^^^^^^^^^^^^^^^^^^^^^^^^^^^^^^^^^^^^^^^
  File "/gs/gsfs0/users/davyang/.conda/envs/anc_vig/lib/python3.12/site-packages/pandas/io/parsers/readers.py", line 1620, in __init__
    self._engine = self._make_engine(f, self.engine)
                   ^^^^^^^^^^^^^^^^^^^^^^^^^^^^^^^^^
  File "/gs/gsfs0/users/davyang/.conda/envs/anc_vig/lib/python3.12/site-packages/pandas/io/parsers/readers.py", line 1880, in _make_engine
    self.handles = get_handle(
                   ^^^^^^^^^^^
  File "/gs/gsfs0/users/davyang/.conda/envs/anc_vig/lib/python3.12/site-packages/pandas/io/common.py", line 873, in get_handle
    handle = open(
             ^^^^^
FileNotFoundError: [Errno 2] No such file or directory: '/gs/gsfs0/shared-lab/greally-lab/David/simple_allele-stacker/filtered_consensus_regions/min_sample-1/filtered_consensus_H1.bed'
